<?xml version="1.0" encoding="UTF-8"?>
<testng-results ignored="0" total="4" passed="4" failed="0" skipped="0">
  <reporter-output>
    <line>
      <![CDATA[自己定义的异常־]]>
    </line>
  </reporter-output>
  <suite started-at="2021-05-20T02:32:15Z" name="All Test Suite" finished-at="2021-05-20T02:32:15Z" duration-ms="24">
    <groups>
    </groups>
    <test started-at="2021-05-20T02:32:15Z" name="E:/Javafile/�ӿڲ���2/src/main/java/com/ck/report/test.java" finished-at="2021-05-20T02:32:15Z" duration-ms="24">
      <class name="com.ck.report.test">
        <test-method signature="test1()[pri:0, instance:com.ck.report.test@545997b1]" started-at="2021-05-20T10:32:15Z" name="test1" finished-at="2021-05-20T10:32:15Z" duration-ms="7" status="PASS">
          <reporter-output>
          </reporter-output>
        </test-method> <!-- test1 -->
        <test-method signature="test2()[pri:0, instance:com.ck.report.test@545997b1]" started-at="2021-05-20T10:32:15Z" name="test2" finished-at="2021-05-20T10:32:15Z" duration-ms="0" status="PASS">
          <reporter-output>
          </reporter-output>
        </test-method> <!-- test2 -->
        <test-method signature="test3()[pri:0, instance:com.ck.report.test@545997b1]" started-at="2021-05-20T10:32:15Z" name="test3" finished-at="2021-05-20T10:32:15Z" duration-ms="1" status="PASS">
          <reporter-output>
          </reporter-output>
        </test-method> <!-- test3 -->
        <test-method signature="logDemo()[pri:0, instance:com.ck.report.test@545997b1]" started-at="2021-05-20T10:32:15Z" name="logDemo" finished-at="2021-05-20T10:32:15Z" duration-ms="0" status="PASS">
          <reporter-output>
            <line>
              <![CDATA[自己定义的异常־]]>
            </line>
          </reporter-output>
        </test-method> <!-- logDemo -->
      </class> <!-- com.ck.report.test -->
    </test> <!-- E:/Javafile/�ӿڲ���2/src/main/java/com/ck/report/test.java -->
  </suite> <!-- All Test Suite -->
</testng-results>
